0 info it worked if it ends with ok
1 verbose cli [ 'C:\\Program Files (x86)\\nodejs\\\\node.exe',
1 verbose cli   'C:\\Program Files (x86)\\nodejs\\node_modules\\npm\\bin\\npm-cli.js',
1 verbose cli   'install',
1 verbose cli   'ionic',
1 verbose cli   '–g' ]
2 info using npm@1.4.28
3 info using node@v0.10.36
4 verbose node symlink C:\Program Files (x86)\nodejs\\node.exe
5 warn package.json Chat_App@0.0.1 No repository field.
6 verbose readDependencies using package.json deps
7 verbose cache add [ 'ionic', null ]
8 verbose cache add name=undefined spec="ionic" args=["ionic",null]
9 verbose parsed url { protocol: null,
9 verbose parsed url   slashes: null,
9 verbose parsed url   auth: null,
9 verbose parsed url   host: null,
9 verbose parsed url   port: null,
9 verbose parsed url   hostname: null,
9 verbose parsed url   hash: null,
9 verbose parsed url   search: null,
9 verbose parsed url   query: null,
9 verbose parsed url   pathname: 'ionic',
9 verbose parsed url   path: 'ionic',
9 verbose parsed url   href: 'ionic' }
10 verbose cache add [ '–g', null ]
11 verbose cache add name=undefined spec="–g" args=["–g",null]
12 verbose parsed url { protocol: null,
12 verbose parsed url   slashes: null,
12 verbose parsed url   auth: null,
12 verbose parsed url   host: null,
12 verbose parsed url   port: null,
12 verbose parsed url   hostname: null,
12 verbose parsed url   hash: null,
12 verbose parsed url   search: null,
12 verbose parsed url   query: null,
12 verbose parsed url   pathname: '–g',
12 verbose parsed url   path: '–g',
12 verbose parsed url   href: '–g' }
13 silly lockFile 00d10074-ionic ionic
14 verbose lock ionic C:\Users\Junaid-Pc\AppData\Roaming\npm-cache\00d10074-ionic.lock
15 silly lockFile 51e00793-g –g
16 verbose lock –g C:\Users\Junaid-Pc\AppData\Roaming\npm-cache\51e00793-g.lock
17 silly lockFile 00d10074-ionic ionic
18 silly lockFile 00d10074-ionic ionic
19 silly lockFile 51e00793-g –g
20 silly lockFile 51e00793-g –g
21 verbose addNamed [ 'ionic', '' ]
22 verbose addNamed [ null, '*' ]
23 silly lockFile 966fc04a-ionic ionic@
24 verbose lock ionic@ C:\Users\Junaid-Pc\AppData\Roaming\npm-cache\966fc04a-ionic.lock
25 verbose addNamed [ '–g', '' ]
26 verbose addNamed [ null, '*' ]
27 silly lockFile 72e0e7f9-g –g@
28 verbose lock –g@ C:\Users\Junaid-Pc\AppData\Roaming\npm-cache\72e0e7f9-g.lock
29 silly addNameRange { name: 'ionic', range: '*', hasData: false }
30 silly addNameRange { name: '–g', range: '*', hasData: false }
31 verbose request where is /–g
32 verbose request registry https://registry.npmjs.org/
33 verbose request id eb6b8a579bdd22a3
34 verbose url raw /–g
35 verbose url resolving [ 'https://registry.npmjs.org/', './%E2%80%93g' ]
36 verbose url resolved https://registry.npmjs.org/%E2%80%93g
37 verbose request where is https://registry.npmjs.org/%E2%80%93g
38 info trying registry request attempt 1 at 10:58:59
39 http GET https://registry.npmjs.org/%E2%80%93g
40 verbose request where is /ionic
41 verbose request registry https://registry.npmjs.org/
42 verbose url raw /ionic
43 verbose url resolving [ 'https://registry.npmjs.org/', './ionic' ]
44 verbose url resolved https://registry.npmjs.org/ionic
45 verbose request where is https://registry.npmjs.org/ionic
46 info trying registry request attempt 1 at 10:58:59
47 verbose etag "9TFPG8DCBK8D6CT2GA9STOBXQ"
48 http GET https://registry.npmjs.org/ionic
49 http 304 https://registry.npmjs.org/ionic
50 silly registry.get cb [ 304,
50 silly registry.get   { date: 'Thu, 26 Feb 2015 05:59:01 GMT',
50 silly registry.get     server: 'Apache',
50 silly registry.get     via: '1.1 varnish',
50 silly registry.get     'last-modified': 'Thu, 26 Feb 2015 05:59:01 GMT',
50 silly registry.get     'cache-control': 'max-age=60',
50 silly registry.get     etag: '"9TFPG8DCBK8D6CT2GA9STOBXQ"',
50 silly registry.get     age: '39',
50 silly registry.get     'x-served-by': 'cache-ams4125-AMS',
50 silly registry.get     'x-cache': 'HIT',
50 silly registry.get     'x-cache-hits': '1',
50 silly registry.get     'x-timer': 'S1424930341.438072,VS0,VE1',
50 silly registry.get     vary: 'Accept',
50 silly registry.get     'content-length': '0',
50 silly registry.get     'keep-alive': 'timeout=10, max=50',
50 silly registry.get     connection: 'Keep-Alive' } ]
51 verbose etag https://registry.npmjs.org/ionic from cache
52 silly addNameRange number 2 { name: 'ionic', range: '*', hasData: true }
53 silly addNameRange versions [ 'ionic',
53 silly addNameRange   [ '0.9.6',
53 silly addNameRange     '0.9.8',
53 silly addNameRange     '0.9.9',
53 silly addNameRange     '0.9.10',
53 silly addNameRange     '0.9.11',
53 silly addNameRange     '0.9.12',
53 silly addNameRange     '0.9.13',
53 silly addNameRange     '0.9.14',
53 silly addNameRange     '0.9.15',
53 silly addNameRange     '0.9.16',
53 silly addNameRange     '1.0.0-beta.1',
53 silly addNameRange     '1.0.0-beta',
53 silly addNameRange     '1.0.1-beta',
53 silly addNameRange     '1.0.3-beta',
53 silly addNameRange     '1.0.4',
53 silly addNameRange     '1.0.5',
53 silly addNameRange     '1.0.6',
53 silly addNameRange     '1.0.7',
53 silly addNameRange     '1.0.8',
53 silly addNameRange     '1.0.9',
53 silly addNameRange     '1.0.10',
53 silly addNameRange     '1.0.11',
53 silly addNameRange     '1.0.12',
53 silly addNameRange     '1.0.13',
53 silly addNameRange     '1.0.14',
53 silly addNameRange     '1.0.15',
53 silly addNameRange     '1.0.16',
53 silly addNameRange     '1.0.17',
53 silly addNameRange     '1.1.0-beta1',
53 silly addNameRange     '1.1.0-beta2',
53 silly addNameRange     '1.1.0-beta3',
53 silly addNameRange     '1.1.0-beta4',
53 silly addNameRange     '1.1.0-beta5',
53 silly addNameRange     '1.1.0-beta6',
53 silly addNameRange     '1.1.0',
53 silly addNameRange     '1.1.1-beta1',
53 silly addNameRange     '1.1.1-beta2',
53 silly addNameRange     '1.1.1-beta3',
53 silly addNameRange     '1.1.1',
53 silly addNameRange     '1.1.3',
53 silly addNameRange     '1.1.4',
53 silly addNameRange     '1.1.5-beta1',
53 silly addNameRange     '1.1.5-beta2',
53 silly addNameRange     '1.1.5-beta3',
53 silly addNameRange     '1.1.5-beta4',
53 silly addNameRange     '1.1.5-beta5',
53 silly addNameRange     '1.1.5',
53 silly addNameRange     '1.1.6',
53 silly addNameRange     '1.1.7-beta1',
53 silly addNameRange     '1.1.7',
53 silly addNameRange     '1.1.8-beta1',
53 silly addNameRange     '1.1.8-beta2',
53 silly addNameRange     '1.1.8-beta3',
53 silly addNameRange     '1.1.8-beta4',
53 silly addNameRange     '1.1.8-beta5',
53 silly addNameRange     '1.1.8',
53 silly addNameRange     '1.1.9-beta1',
53 silly addNameRange     '1.1.9',
53 silly addNameRange     '1.1.10',
53 silly addNameRange     '1.1.11-beta1',
53 silly addNameRange     '1.1.11-beta2',
53 silly addNameRange     '1.1.11',
53 silly addNameRange     '1.1.12-beta1',
53 silly addNameRange     '1.1.12-beta2',
53 silly addNameRange     '1.1.12-beta3',
53 silly addNameRange     '1.1.12',
53 silly addNameRange     '1.1.13',
53 silly addNameRange     '1.1.14-beta1',
53 silly addNameRange     '1.1.14-beta2',
53 silly addNameRange     '1.1.14-beta3',
53 silly addNameRange     '1.2.0-beta1',
53 silly addNameRange     '1.2.0',
53 silly addNameRange     '1.2.1-beta1',
53 silly addNameRange     '1.2.1-beta2',
53 silly addNameRange     '1.2.1-beta3',
53 silly addNameRange     '1.2.1-beta4',
53 silly addNameRange     '1.2.1',
53 silly addNameRange     '1.2.2',
53 silly addNameRange     '1.2.3-beta1',
53 silly addNameRange     '1.2.3-beta2',
53 silly addNameRange     '1.2.3-beta3',
53 silly addNameRange     '1.2.3',
53 silly addNameRange     '1.2.4-beta1',
53 silly addNameRange     '1.2.4-beta2',
53 silly addNameRange     '1.2.4-beta3',
53 silly addNameRange     '1.2.4',
53 silly addNameRange     '1.2.5-beta1',
53 silly addNameRange     '1.2.5-beta2',
53 silly addNameRange     '1.2.5-beta3',
53 silly addNameRange     '1.2.5',
53 silly addNameRange     '1.2.6-beta1',
53 silly addNameRange     '1.2.6-beta2',
53 silly addNameRange     '1.2.6-beta3',
53 silly addNameRange     '1.2.6',
53 silly addNameRange     '1.2.7',
53 silly addNameRange     '1.2.8-beta1',
53 silly addNameRange     '1.2.8-beta2',
53 silly addNameRange     '1.2.8',
53 silly addNameRange     '1.2.9',
53 silly addNameRange     '1.2.10',
53 silly addNameRange     '1.2.11',
53 silly addNameRange     '1.2.12',
53 silly addNameRange     '1.2.13',
53 silly addNameRange     '1.2.14-beta1',
53 silly addNameRange     '1.2.14-beta2',
53 silly addNameRange     '1.2.14-beta3',
53 silly addNameRange     '1.2.14-beta4',
53 silly addNameRange     '1.2.14-beta5',
53 silly addNameRange     '1.2.14-beta6',
53 silly addNameRange     '1.2.14',
53 silly addNameRange     '1.3.0-beta1',
53 silly addNameRange     '1.3.0',
53 silly addNameRange     '1.3.1',
53 silly addNameRange     '1.3.2',
53 silly addNameRange     '1.3.3',
53 silly addNameRange     '1.3.4',
53 silly addNameRange     '1.3.5',
53 silly addNameRange     '1.3.6',
53 silly addNameRange     '1.3.7',
53 silly addNameRange     '1.3.8',
53 silly addNameRange     '1.3.9',
53 silly addNameRange     '1.3.10',
53 silly addNameRange     '1.4.0-alpha.1',
53 silly addNameRange     '1.3.11',
53 silly addNameRange     '1.3.1-1.alpha.0',
53 silly addNameRange     '1.4.0-alpha.2' ] ]
54 verbose addNamed [ 'ionic', '1.3.11' ]
55 verbose addNamed [ '1.3.11', '1.3.11' ]
56 silly lockFile 4e340da9-ionic-1-3-11 ionic@1.3.11
57 verbose lock ionic@1.3.11 C:\Users\Junaid-Pc\AppData\Roaming\npm-cache\4e340da9-ionic-1-3-11.lock
58 silly lockFile 4e340da9-ionic-1-3-11 ionic@1.3.11
59 silly lockFile 4e340da9-ionic-1-3-11 ionic@1.3.11
60 silly lockFile 966fc04a-ionic ionic@
61 silly lockFile 966fc04a-ionic ionic@
62 http 404 https://registry.npmjs.org/%E2%80%93g
63 verbose headers { date: 'Thu, 26 Feb 2015 05:59:02 GMT',
63 verbose headers   server: 'CouchDB/1.5.0 (Erlang OTP/R16B03)',
63 verbose headers   'content-type': 'application/json',
63 verbose headers   'cache-control': 'max-age=0',
63 verbose headers   'content-length': '52',
63 verbose headers   'accept-ranges': 'bytes',
63 verbose headers   via: '1.1 varnish',
63 verbose headers   age: '0',
63 verbose headers   'x-served-by': 'cache-ams4121-AMS',
63 verbose headers   'x-cache': 'MISS',
63 verbose headers   'x-cache-hits': '0',
63 verbose headers   'x-timer': 'S1424930341.413014,VS0,VE653',
63 verbose headers   'keep-alive': 'timeout=10, max=50',
63 verbose headers   connection: 'Keep-Alive' }
64 silly registry.get cb [ 404,
64 silly registry.get   { date: 'Thu, 26 Feb 2015 05:59:02 GMT',
64 silly registry.get     server: 'CouchDB/1.5.0 (Erlang OTP/R16B03)',
64 silly registry.get     'content-type': 'application/json',
64 silly registry.get     'cache-control': 'max-age=0',
64 silly registry.get     'content-length': '52',
64 silly registry.get     'accept-ranges': 'bytes',
64 silly registry.get     via: '1.1 varnish',
64 silly registry.get     age: '0',
64 silly registry.get     'x-served-by': 'cache-ams4121-AMS',
64 silly registry.get     'x-cache': 'MISS',
64 silly registry.get     'x-cache-hits': '0',
64 silly registry.get     'x-timer': 'S1424930341.413014,VS0,VE653',
64 silly registry.get     'keep-alive': 'timeout=10, max=50',
64 silly registry.get     connection: 'Keep-Alive' } ]
65 silly lockFile 72e0e7f9-g –g@
66 silly lockFile 72e0e7f9-g –g@
67 error 404 404 Not Found: %E2%80%93g
67 error 404
67 error 404 '%E2%80%93g' is not in the npm registry.
67 error 404 You should bug the author to publish it
67 error 404 It was specified as a dependency of 'Chat_App'
67 error 404
67 error 404 Note that you can also install from a
67 error 404 tarball, folder, or http url, or git url.
68 error System Windows_NT 6.2.9200
69 error command "C:\\Program Files (x86)\\nodejs\\\\node.exe" "C:\\Program Files (x86)\\nodejs\\node_modules\\npm\\bin\\npm-cli.js" "install" "ionic" "–g"
70 error cwd C:\Users\Junaid-Pc\My-Project
71 error node -v v0.10.36
72 error npm -v 1.4.28
73 error code E404
74 verbose exit [ 1, true ]
